2026-02-26 07:45:38 | INFO     | AcosSP050 | PID=22328 | balanco_reader | ==============================================
2026-02-26 07:45:38 | INFO     | AcosSP050 | PID=22328 | balanco_reader | Sistema iniciado (logger configurado).
2026-02-26 07:45:38 | INFO     | AcosSP050 | PID=22328 | balanco_reader | Arquivo de log: C:\Users\nathan.silva\Desktop\Monitoria_Custos\logs\balanco_reader_20260226_104538.log
2026-02-26 07:45:38 | INFO     | AcosSP050 | PID=22328 | balanco_reader | Hostname: AcosSP050 | PID: 22328
2026-02-26 07:45:38 | INFO     | AcosSP050 | PID=22328 | balanco_reader | ==============================================
2026-02-26 07:45:38 | INFO     | AcosSP050 | PID=22328 | balanco_reader | Config carregada:
2026-02-26 07:45:38 | INFO     | AcosSP050 | PID=22328 | balanco_reader |  - base_dir: Z:\Financeiro\Bolivia - Projeto\Larissa\2025
2026-02-26 07:45:38 | INFO     | AcosSP050 | PID=22328 | balanco_reader |  - prefer_unc_path: None
2026-02-26 07:45:38 | INFO     | AcosSP050 | PID=22328 | balanco_reader |  - workbook_hint: BALANÇO - 2025 - POWERBI
2026-02-26 07:45:38 | INFO     | AcosSP050 | PID=22328 | balanco_reader |  - sheet: Balanço Anual 2025
2026-02-26 07:45:38 | INFO     | AcosSP050 | PID=22328 | balanco_reader |  - tolerance: 0.01
2026-02-26 07:45:38 | INFO     | AcosSP050 | PID=22328 | balanco_reader |  - competence_prefix: 2025-
2026-02-26 07:45:38 | INFO     | AcosSP050 | PID=22328 | balanco_reader |  - fail_on_warn: False
2026-02-26 07:45:38 | INFO     | AcosSP050 | PID=22328 | balanco_reader |  - fail_on_error: True
2026-02-26 07:45:38 | INFO     | AcosSP050 | PID=22328 | balanco_reader | [START] Executar caso de uso: ExtractBalanceUseCase
2026-02-26 07:45:38 | INFO     | AcosSP050 | PID=22328 | balanco_reader | UseCase iniciado: ExtractBalanceUseCase.execute()
2026-02-26 07:45:38 | INFO     | AcosSP050 | PID=22328 | balanco_reader | Spec: base_dir=Z:\Financeiro\Bolivia - Projeto\Larissa\2025 workbook_hint=BALANÇO - 2025 - POWERBI sheet=Balanço Anual 2025
2026-02-26 07:45:38 | INFO     | AcosSP050 | PID=22328 | balanco_reader | [START] Verificar acesso ao diretório de rede
2026-02-26 07:45:39 | INFO     | AcosSP050 | PID=22328 | balanco_reader | Acesso OK ao diretório: \\192.168.0.230\rede\Financeiro\Bolivia - Projeto\Larissa\2025
2026-02-26 07:45:39 | INFO     | AcosSP050 | PID=22328 | balanco_reader | [ OK ] Verificar acesso ao diretório de rede (tempo: 0.025s)
2026-02-26 07:45:39 | INFO     | AcosSP050 | PID=22328 | balanco_reader | [START] Localizar arquivo do balanço
2026-02-26 07:45:39 | INFO     | AcosSP050 | PID=22328 | balanco_reader | Arquivo selecionado: BALANÇO - 2025 - POWERBI.xlsx
2026-02-26 07:45:39 | INFO     | AcosSP050 | PID=22328 | balanco_reader | Workbook path: \\192.168.0.230\rede\Financeiro\Bolivia - Projeto\Larissa\2025\BALANÇO - 2025 - POWERBI.xlsx
2026-02-26 07:45:39 | INFO     | AcosSP050 | PID=22328 | balanco_reader | [ OK ] Localizar arquivo do balanço (tempo: 0.017s)
2026-02-26 07:45:39 | INFO     | AcosSP050 | PID=22328 | balanco_reader | [START] Abrir workbook (openpyxl)
2026-02-26 07:45:40 | INFO     | AcosSP050 | PID=22328 | balanco_reader | Workbook aberto. Abas: ['Base Bruta', 'Total Dinamica - Amaurilio', 'Base Aços Vital', 'Base de despesa Brasil x Chile ', 'Balanço Anual 2025', 'Balanço Aços Vital', 'Balanço Amaurilio', 'Base Amaurilio', 'Total 2025 - Dinamica', 'Entradas ']
2026-02-26 07:45:40 | INFO     | AcosSP050 | PID=22328 | balanco_reader | [ OK ] Abrir workbook (openpyxl) (tempo: 1.838s)
2026-02-26 07:45:40 | INFO     | AcosSP050 | PID=22328 | balanco_reader | [START] Selecionar aba alvo (apenas esta será lida)
2026-02-26 07:45:40 | INFO     | AcosSP050 | PID=22328 | balanco_reader | Aba selecionada: Balanço Anual 2025
2026-02-26 07:45:40 | INFO     | AcosSP050 | PID=22328 | balanco_reader | Garantia: nenhuma outra aba será lida.
2026-02-26 07:45:40 | INFO     | AcosSP050 | PID=22328 | balanco_reader | [ OK ] Selecionar aba alvo (apenas esta será lida) (tempo: 0.000s)
2026-02-26 07:45:40 | INFO     | AcosSP050 | PID=22328 | balanco_reader | [START] Ler tabela: Entradas
2026-02-26 07:45:40 | INFO     | AcosSP050 | PID=22328 | balanco_reader | [DEBUG] Headers brutos (Entradas): [datetime.datetime(2025, 4, 1, 0, 0), datetime.datetime(2025, 5, 1, 0, 0), datetime.datetime(2025, 6, 1, 0, 0), datetime.datetime(2025, 7, 1, 0, 0), datetime.datetime(2025, 8, 1, 0, 0), datetime.datetime(2025, 9, 1, 0, 0), datetime.datetime(2025, 10, 1, 0, 0), datetime.datetime(2025, 11, 1, 0, 0), datetime.datetime(2025, 12, 1, 0, 0), datetime.datetime(2026, 1, 1, 0, 0), 'Total Geral']
2026-02-26 07:45:40 | INFO     | AcosSP050 | PID=22328 | balanco_reader | [DEBUG] header=datetime.datetime(2025, 4, 1, 0, 0) -> ym='2025-04'
2026-02-26 07:45:40 | INFO     | AcosSP050 | PID=22328 | balanco_reader | [DEBUG] header=datetime.datetime(2025, 5, 1, 0, 0) -> ym='2025-05'
2026-02-26 07:45:40 | INFO     | AcosSP050 | PID=22328 | balanco_reader | [DEBUG] header=datetime.datetime(2025, 6, 1, 0, 0) -> ym='2025-06'
2026-02-26 07:45:40 | INFO     | AcosSP050 | PID=22328 | balanco_reader | [DEBUG] header=datetime.datetime(2025, 7, 1, 0, 0) -> ym='2025-07'
2026-02-26 07:45:40 | INFO     | AcosSP050 | PID=22328 | balanco_reader | [DEBUG] header=datetime.datetime(2025, 8, 1, 0, 0) -> ym='2025-08'
2026-02-26 07:45:40 | INFO     | AcosSP050 | PID=22328 | balanco_reader | [DEBUG] header=datetime.datetime(2025, 9, 1, 0, 0) -> ym='2025-09'
2026-02-26 07:45:40 | INFO     | AcosSP050 | PID=22328 | balanco_reader | [DEBUG] header=datetime.datetime(2025, 10, 1, 0, 0) -> ym='2025-10'
2026-02-26 07:45:40 | INFO     | AcosSP050 | PID=22328 | balanco_reader | [DEBUG] header=datetime.datetime(2025, 11, 1, 0, 0) -> ym='2025-11'
2026-02-26 07:45:40 | INFO     | AcosSP050 | PID=22328 | balanco_reader | [DEBUG] header=datetime.datetime(2025, 12, 1, 0, 0) -> ym='2025-12'
2026-02-26 07:45:40 | INFO     | AcosSP050 | PID=22328 | balanco_reader | [DEBUG] header=datetime.datetime(2026, 1, 1, 0, 0) -> ym='2025-12'
2026-02-26 07:45:40 | INFO     | AcosSP050 | PID=22328 | balanco_reader | Tabela 'Entradas' (fixa). HeaderRow=2. Competências=['2025-04', '2025-05', '2025-06', '2025-07', '2025-08', '2025-09', '2025-10', '2025-11', '2025-12']
2026-02-26 07:45:40 | INFO     | AcosSP050 | PID=22328 | balanco_reader | Tabela 'Entradas' | Linha 'Adiantamento - Cliente YPFB' lida (row=3).
2026-02-26 07:45:40 | INFO     | AcosSP050 | PID=22328 | balanco_reader | [ OK ] Ler tabela: Entradas (tempo: 0.004s)
2026-02-26 07:45:40 | INFO     | AcosSP050 | PID=22328 | balanco_reader | [START] Ler tabela: Outras Saídas/Investimento
2026-02-26 07:45:40 | INFO     | AcosSP050 | PID=22328 | balanco_reader | [DEBUG] Headers brutos (Outras Saídas/Investimento): [datetime.datetime(2025, 3, 1, 0, 0), datetime.datetime(2025, 4, 1, 0, 0), datetime.datetime(2025, 5, 1, 0, 0), datetime.datetime(2025, 6, 1, 0, 0), datetime.datetime(2025, 7, 1, 0, 0), datetime.datetime(2025, 8, 1, 0, 0), datetime.datetime(2025, 9, 1, 0, 0), datetime.datetime(2025, 10, 1, 0, 0), datetime.datetime(2025, 11, 1, 0, 0), datetime.datetime(2025, 12, 1, 0, 0), 'Total Geral']
2026-02-26 07:45:40 | INFO     | AcosSP050 | PID=22328 | balanco_reader | [DEBUG] header=datetime.datetime(2025, 3, 1, 0, 0) -> ym='2025-03'
2026-02-26 07:45:40 | INFO     | AcosSP050 | PID=22328 | balanco_reader | [DEBUG] header=datetime.datetime(2025, 4, 1, 0, 0) -> ym='2025-04'
2026-02-26 07:45:40 | INFO     | AcosSP050 | PID=22328 | balanco_reader | [DEBUG] header=datetime.datetime(2025, 5, 1, 0, 0) -> ym='2025-05'
2026-02-26 07:45:40 | INFO     | AcosSP050 | PID=22328 | balanco_reader | [DEBUG] header=datetime.datetime(2025, 6, 1, 0, 0) -> ym='2025-06'
2026-02-26 07:45:40 | INFO     | AcosSP050 | PID=22328 | balanco_reader | [DEBUG] header=datetime.datetime(2025, 7, 1, 0, 0) -> ym='2025-07'
2026-02-26 07:45:40 | INFO     | AcosSP050 | PID=22328 | balanco_reader | [DEBUG] header=datetime.datetime(2025, 8, 1, 0, 0) -> ym='2025-08'
2026-02-26 07:45:40 | INFO     | AcosSP050 | PID=22328 | balanco_reader | [DEBUG] header=datetime.datetime(2025, 9, 1, 0, 0) -> ym='2025-09'
2026-02-26 07:45:40 | INFO     | AcosSP050 | PID=22328 | balanco_reader | [DEBUG] header=datetime.datetime(2025, 10, 1, 0, 0) -> ym='2025-10'
2026-02-26 07:45:40 | INFO     | AcosSP050 | PID=22328 | balanco_reader | [DEBUG] header=datetime.datetime(2025, 11, 1, 0, 0) -> ym='2025-11'
2026-02-26 07:45:40 | INFO     | AcosSP050 | PID=22328 | balanco_reader | [DEBUG] header=datetime.datetime(2025, 12, 1, 0, 0) -> ym='2025-12'
2026-02-26 07:45:40 | INFO     | AcosSP050 | PID=22328 | balanco_reader | Tabela 'Outras Saídas/Investimento' (fixa). HeaderRow=5. Competências=['2025-03', '2025-04', '2025-05', '2025-06', '2025-07', '2025-08', '2025-09', '2025-10', '2025-11', '2025-12']
2026-02-26 07:45:40 | INFO     | AcosSP050 | PID=22328 | balanco_reader | Tabela 'Outras Saídas/Investimento' | Linha 'Boletas de Garantia -  YPFB' lida (row=6).
2026-02-26 07:45:40 | INFO     | AcosSP050 | PID=22328 | balanco_reader | Tabela 'Outras Saídas/Investimento' | Linha 'Capitalização' lida (row=7).
2026-02-26 07:45:40 | INFO     | AcosSP050 | PID=22328 | balanco_reader | [ OK ] Ler tabela: Outras Saídas/Investimento (tempo: 0.002s)
2026-02-26 07:45:40 | INFO     | AcosSP050 | PID=22328 | balanco_reader | [START] Ler tabela: Despesas (varredura dinâmica)
2026-02-26 07:45:40 | INFO     | AcosSP050 | PID=22328 | balanco_reader | Tabela 'Despesa' (dinâmica). HeaderRow=9. Competências=['2025-03', '2025-07', '2025-08', '2025-09', '2025-10', '2025-11', '2025-12']
2026-02-26 07:45:40 | INFO     | AcosSP050 | PID=22328 | balanco_reader | Tabela 'Despesa' | Linha 'Compras de Material para Revenda' lida (row=10).
2026-02-26 07:45:40 | INFO     | AcosSP050 | PID=22328 | balanco_reader | Tabela 'Despesa' | Linha 'Saldo de Salários' lida (row=11).
2026-02-26 07:45:40 | INFO     | AcosSP050 | PID=22328 | balanco_reader | Tabela 'Despesa' | Linha 'Serviços Tomados' lida (row=12).
2026-02-26 07:45:40 | INFO     | AcosSP050 | PID=22328 | balanco_reader | Tabela 'Despesa' | Linha 'Compra de Material de Uso e Consumo' lida (row=13).
2026-02-26 07:45:40 | INFO     | AcosSP050 | PID=22328 | balanco_reader | Tabela 'Despesa' | Linha 'Frete' lida (row=14).
2026-02-26 07:45:40 | INFO     | AcosSP050 | PID=22328 | balanco_reader | Tabela 'Despesa' | Linha 'Despesas com locação de equipamentos' lida (row=15).
2026-02-26 07:45:40 | INFO     | AcosSP050 | PID=22328 | balanco_reader | Tabela 'Despesa' | Linha 'Despesas de Viagens' lida (row=16).
2026-02-26 07:45:40 | INFO     | AcosSP050 | PID=22328 | balanco_reader | Tabela 'Despesa' | Linha 'Despesas com Exportação' lida (row=17).
2026-02-26 07:45:40 | INFO     | AcosSP050 | PID=22328 | balanco_reader | Tabela 'Despesa' | Linha 'Despesas extras' lida (row=18).
2026-02-26 07:45:40 | INFO     | AcosSP050 | PID=22328 | balanco_reader | Tabela 'Despesa' | Linha 'Máquinas e Equipamentos' lida (row=19).
2026-02-26 07:45:40 | INFO     | AcosSP050 | PID=22328 | balanco_reader | Tabela 'Despesa' | Linha 'Férias Normais' lida (row=20).
2026-02-26 07:45:40 | INFO     | AcosSP050 | PID=22328 | balanco_reader | Tabela 'Despesa' | Linha 'Seguros Diversos' lida (row=21).
2026-02-26 07:45:40 | INFO     | AcosSP050 | PID=22328 | balanco_reader | Tabela 'Despesa' | Linha 'Comissão De Representante' lida (row=22).
2026-02-26 07:45:40 | INFO     | AcosSP050 | PID=22328 | balanco_reader | Tabela 'Despesa' | Linha '13º Salário' lida (row=23).
2026-02-26 07:45:40 | INFO     | AcosSP050 | PID=22328 | balanco_reader | Tabela 'Despesa' | Linha 'Taxa - Compra de Moeda' lida (row=24).
2026-02-26 07:45:40 | INFO     | AcosSP050 | PID=22328 | balanco_reader | Tabela 'Despesa' | Linha 'Encargos de Importação' lida (row=25).
2026-02-26 07:45:40 | INFO     | AcosSP050 | PID=22328 | balanco_reader | Tabela 'Despesa' | Linha 'Compras de Materia Prima' lida (row=26).
2026-02-26 07:45:40 | INFO     | AcosSP050 | PID=22328 | balanco_reader | Tabela 'Despesa' | Linha 'Assistência Médica' lida (row=27).
2026-02-26 07:45:40 | INFO     | AcosSP050 | PID=22328 | balanco_reader | Tabela 'Despesa' | Linha 'Segurança do trabalho (Uniforme e EPI)' lida (row=28).
2026-02-26 07:45:40 | INFO     | AcosSP050 | PID=22328 | balanco_reader | Tabela 'Despesa' | Linha 'Locação de Veículos' lida (row=29).
2026-02-26 07:45:40 | INFO     | AcosSP050 | PID=22328 | balanco_reader | Tabela 'Despesa' | Linha 'Equipamentos de Informática' lida (row=30).
2026-02-26 07:45:40 | INFO     | AcosSP050 | PID=22328 | balanco_reader | Tabela 'Despesa' | Linha 'Impostos' lida (row=31).
2026-02-26 07:45:40 | INFO     | AcosSP050 | PID=22328 | balanco_reader | Tabela 'Despesa' | Linha 'Despesas com sistema de gestão' lida (row=32).
2026-02-26 07:45:40 | INFO     | AcosSP050 | PID=22328 | balanco_reader | Tabela 'Despesa' | Linha 'Móveis e Utensílios' lida (row=33).
2026-02-26 07:45:40 | INFO     | AcosSP050 | PID=22328 | balanco_reader | Tabela 'Despesa' | Linha 'Cartórios' lida (row=34).
2026-02-26 07:45:40 | INFO     | AcosSP050 | PID=22328 | balanco_reader | Tabela 'Despesa' | Linha 'Rescisões' lida (row=35).
2026-02-26 07:45:40 | INFO     | AcosSP050 | PID=22328 | balanco_reader | Tabela 'Despesa' | Linha 'Tarifas Bancárias' lida (row=36).
2026-02-26 07:45:40 | INFO     | AcosSP050 | PID=22328 | balanco_reader | Tabela 'Despesa' | Linha 'Vale Transporte' lida (row=37).
2026-02-26 07:45:40 | INFO     | AcosSP050 | PID=22328 | balanco_reader | Tabela 'Despesa' | Linha 'Telefone e Internet' lida (row=38).
2026-02-26 07:45:40 | INFO     | AcosSP050 | PID=22328 | balanco_reader | Âncora 'total geral' encontrada na linha 40. Parando leitura de 'Despesa'.
2026-02-26 07:45:40 | INFO     | AcosSP050 | PID=22328 | balanco_reader | Tabela 'Despesa' finalizada. Linhas lidas: 29
2026-02-26 07:45:40 | INFO     | AcosSP050 | PID=22328 | balanco_reader | [ OK ] Ler tabela: Despesas (varredura dinâmica) (tempo: 0.007s)
2026-02-26 07:45:40 | INFO     | AcosSP050 | PID=22328 | balanco_reader | [START] Ler Total Amaurilio (manual)
2026-02-26 07:45:40 | INFO     | AcosSP050 | PID=22328 | balanco_reader | Totais manuais 'Total Amaurilio' lidos (value_row=42, header_row=2). Competências=['2025-04', '2025-05', '2025-06', '2025-07', '2025-08', '2025-09', '2025-10', '2025-11', '2025-12']
2026-02-26 07:45:40 | INFO     | AcosSP050 | PID=22328 | balanco_reader | [ OK ] Ler Total Amaurilio (manual) (tempo: 0.000s)
2026-02-26 07:45:40 | INFO     | AcosSP050 | PID=22328 | balanco_reader | [START] Ler Total Aços Vital (manual)
2026-02-26 07:45:40 | INFO     | AcosSP050 | PID=22328 | balanco_reader | Totais manuais 'Total Aços Vital' lidos (value_row=44, header_row=2). Competências=['2025-04', '2025-05', '2025-06', '2025-07', '2025-08', '2025-09', '2025-10', '2025-11', '2025-12']
2026-02-26 07:45:40 | INFO     | AcosSP050 | PID=22328 | balanco_reader | [ OK ] Ler Total Aços Vital (manual) (tempo: 0.000s)
2026-02-26 07:45:40 | INFO     | AcosSP050 | PID=22328 | balanco_reader | Leitura do Excel concluída. Construindo BalanceReport (domínio).
2026-02-26 07:45:40 | INFO     | AcosSP050 | PID=22328 | balanco_reader | Meses (ref) total=9 | filtrados=9 | prefix=2025-
2026-02-26 07:45:40 | INFO     | AcosSP050 | PID=22328 | balanco_reader | UseCase finalizado. output_path=C:\Users\nathan.silva\Desktop\Monitoria_Custos\output\balanco_extraido_20260226_104540_c50021663609.json
2026-02-26 07:45:40 | INFO     | AcosSP050 | PID=22328 | balanco_reader | Computed: total_geral_calc=9301138.99 deficit_total=4138367.81
2026-02-26 07:45:40 | INFO     | AcosSP050 | PID=22328 | balanco_reader | [ OK ] Executar caso de uso: ExtractBalanceUseCase (tempo: 1.913s)
2026-02-26 07:45:40 | INFO     | AcosSP050 | PID=22328 | balanco_reader | Execução concluída com sucesso.
2026-02-26 07:45:40 | INFO     | AcosSP050 | PID=22328 | balanco_reader | Saída JSON: C:\Users\nathan.silva\Desktop\Monitoria_Custos\output\balanco_extraido_20260226_104540_c50021663609.json
2026-02-26 07:45:40 | WARNING  | AcosSP050 | PID=22328 | balanco_reader | Issues detectadas: WARN=2 ERROR=0. Verifique log/JSON.
